build/app/intermediates/manifest_merge_blame_file/debug/manifest-merger-blame-debug-report.txt
1<?xml version="1.0" encoding="utf-8"?>
2<manifest xmlns:android="http://schemas.android.com/apk/res/android"
3    package="com.womenloseweight.watertracker.flutter"
4    android:versionCode="1"
5    android:versionName="1.0.0" >
6
7    <uses-sdk
8        android:minSdkVersion="21"
9        android:targetSdkVersion="33" />
10    <!--
11         Flutter needs it to communicate with the running application
12         to allow setting breakpoints, to provide hot reload, etc.
13    -->
14    <uses-permission android:name="android.permission.INTERNET" />
14-->src/main/AndroidManifest.xml:5:5-67
14-->src/main/AndroidManifest.xml:5:22-64
15    <uses-permission android:name="android.permission.ACCESS_NETWORK_STATE" />
15-->src/main/AndroidManifest.xml:6:5-79
15-->src/main/AndroidManifest.xml:6:22-76
16    <uses-permission android:name="android.permission.WRITE_EXTERNAL_STORAGE" />
16-->src/main/AndroidManifest.xml:7:5-81
16-->src/main/AndroidManifest.xml:7:22-78
17    <uses-permission android:name="android.permission.READ_EXTERNAL_STORAGE" />
17-->src/main/AndroidManifest.xml:8:5-80
17-->src/main/AndroidManifest.xml:8:22-77
18    <uses-permission android:name="android.permission.POST_NOTIFICATIONS" />
18-->src/main/AndroidManifest.xml:9:5-76
18-->src/main/AndroidManifest.xml:9:22-74
19    <uses-permission android:name="android.permission.RECEIVE_BOOT_COMPLETED" />
19-->[:flutter_local_notifications] AndroidManifest.xml:7:5-81
19-->[:flutter_local_notifications] AndroidManifest.xml:7:22-78
20    <uses-permission android:name="android.permission.VIBRATE" />
20-->[:flutter_local_notifications] AndroidManifest.xml:8:5-66
20-->[:flutter_local_notifications] AndroidManifest.xml:8:22-63
21    <uses-permission android:name="android.permission.USE_FULL_SCREEN_INTENT" />
21-->[:flutter_local_notifications] AndroidManifest.xml:9:5-81
21-->[:flutter_local_notifications] AndroidManifest.xml:9:22-78
22    <uses-permission android:name="android.permission.SCHEDULE_EXACT_ALARM" />
22-->[:flutter_local_notifications] AndroidManifest.xml:10:5-79
22-->[:flutter_local_notifications] AndroidManifest.xml:10:22-76
23
24    <queries>
24-->[:flutter_inappwebview] AndroidManifest.xml:7:5-11:15
25        <intent>
25-->[:flutter_inappwebview] AndroidManifest.xml:8:9-10:18
26            <action android:name="android.support.customtabs.action.CustomTabsService" />
26-->[:flutter_inappwebview] AndroidManifest.xml:9:13-90
26-->[:flutter_inappwebview] AndroidManifest.xml:9:21-87
27        </intent>
28        <!-- For browser content -->
29        <intent>
29-->[com.google.android.gms:play-services-ads-lite:21.3.0] AndroidManifest.xml:31:9-37:18
30            <action android:name="android.intent.action.VIEW" />
30-->[com.google.firebase:firebase-auth:22.1.0] AndroidManifest.xml:36:17-69
30-->[com.google.firebase:firebase-auth:22.1.0] AndroidManifest.xml:36:25-66
31
32            <category android:name="android.intent.category.BROWSABLE" />
32-->[com.google.firebase:firebase-auth:22.1.0] AndroidManifest.xml:39:17-78
32-->[com.google.firebase:firebase-auth:22.1.0] AndroidManifest.xml:39:27-75
33
34            <data android:scheme="https" />
34-->[com.google.firebase:firebase-auth:22.1.0] AndroidManifest.xml:41:17-44:51
34-->[com.google.firebase:firebase-auth:22.1.0] AndroidManifest.xml:44:21-48
35        </intent>
36        <intent>
36-->[com.android.billingclient:billing:6.0.1] AndroidManifest.xml:13:9-15:18
37            <action android:name="com.android.vending.billing.InAppBillingService.BIND" />
37-->[com.android.billingclient:billing:6.0.1] AndroidManifest.xml:14:13-91
37-->[com.android.billingclient:billing:6.0.1] AndroidManifest.xml:14:21-88
38        </intent>
39    </queries>
40
41    <uses-permission android:name="com.google.android.gms.permission.AD_ID" />
41-->[com.google.android.gms:play-services-ads-lite:21.3.0] AndroidManifest.xml:25:5-79
41-->[com.google.android.gms:play-services-ads-lite:21.3.0] AndroidManifest.xml:25:22-76
42    <uses-permission android:name="android.permission.WAKE_LOCK" />
42-->[com.google.android.gms:play-services-measurement-sdk-api:20.1.2] AndroidManifest.xml:25:5-68
42-->[com.google.android.gms:play-services-measurement-sdk-api:20.1.2] AndroidManifest.xml:25:22-65
43    <uses-permission android:name="android.permission.FOREGROUND_SERVICE" />
43-->[androidx.work:work-runtime:2.7.0] AndroidManifest.xml:28:5-77
43-->[androidx.work:work-runtime:2.7.0] AndroidManifest.xml:28:22-74
44
45    <permission
45-->[androidx.core:core:1.10.1] AndroidManifest.xml:22:5-24:47
46        android:name="com.womenloseweight.watertracker.flutter.DYNAMIC_RECEIVER_NOT_EXPORTED_PERMISSION"
46-->[androidx.core:core:1.10.1] AndroidManifest.xml:23:9-81
47        android:protectionLevel="signature" />
47-->[androidx.core:core:1.10.1] AndroidManifest.xml:24:9-44
48
49    <uses-permission android:name="com.womenloseweight.watertracker.flutter.DYNAMIC_RECEIVER_NOT_EXPORTED_PERMISSION" />
49-->[androidx.core:core:1.10.1] AndroidManifest.xml:26:5-97
49-->[androidx.core:core:1.10.1] AndroidManifest.xml:26:22-94
50    <uses-permission android:name="com.android.vending.BILLING" />
50-->[com.android.billingclient:billing:6.0.1] AndroidManifest.xml:10:5-67
50-->[com.android.billingclient:billing:6.0.1] AndroidManifest.xml:10:22-64
51
52    <application
53        android:name="android.app.Application"
54        android:allowBackup="false"
55        android:appComponentFactory="androidx.core.app.CoreComponentFactory"
55-->[androidx.core:core:1.10.1] AndroidManifest.xml:28:18-86
56        android:debuggable="true"
57        android:fullBackupContent="false"
58        android:icon="@mipmap/ic_launcher"
59        android:label="@string/lose_weight_for_women"
60        android:requestLegacyExternalStorage="true"
61        android:roundIcon="@mipmap/ic_launcher_round"
62        android:supportsRtl="false" >
63        <meta-data
64            android:name="com.google.android.gms.ads.APPLICATION_ID"
65            android:value="ca-app-pub-3940256099942544~3347511713" />
66
67        <activity
68            android:name="com.example.women_lose_weight_flutter.MainActivity"
69            android:configChanges="orientation|keyboardHidden|keyboard|screenSize|smallestScreenSize|locale|layoutDirection|fontScale|screenLayout|density|uiMode"
70            android:exported="true"
71            android:hardwareAccelerated="true"
72            android:launchMode="singleTop"
73            android:screenOrientation="portrait"
74            android:theme="@style/LaunchTheme"
75            android:windowSoftInputMode="stateHidden|stateAlwaysHidden|adjustPan" >
76
77            <!--
78                 Specifies an Android theme to apply to this Activity as soon as
79                 the Android process has started. This theme is visible to the user
80                 while the Flutter UI initializes. After that, this theme continues
81                 to determine the Window background behind the Flutter UI.
82            -->
83            <meta-data
84                android:name="io.flutter.embedding.android.NormalTheme"
85                android:resource="@style/NormalTheme" />
86            <meta-data
87                android:name="io.flutter.embedding.android.SplashScreenDrawable"
88                android:resource="@mipmap/ic_splash" />
89
90            <intent-filter>
91                <action android:name="android.intent.action.MAIN" />
92
93                <category android:name="android.intent.category.LAUNCHER" />
94            </intent-filter>
95        </activity>
96        <!--
97             Don't delete the meta-data below.
98             This is used by the Flutter tool to generate GeneratedPluginRegistrant.java
99        -->
100        <meta-data
101            android:name="flutterEmbedding"
102            android:value="2" />
103
104        <service
104-->[:cloud_firestore] AndroidManifest.xml:8:9-12:19
105            android:name="com.google.firebase.components.ComponentDiscoveryService"
105-->[:cloud_firestore] AndroidManifest.xml:8:18-89
106            android:directBootAware="true"
106-->[com.google.firebase:firebase-common:20.3.3] AndroidManifest.xml:34:13-43
107            android:exported="false" >
107-->[com.google.firebase:firebase-firestore-ktx:24.7.0] AndroidManifest.xml:13:13-37
108            <meta-data
108-->[:cloud_firestore] AndroidManifest.xml:9:13-11:85
109                android:name="com.google.firebase.components:io.flutter.plugins.firebase.firestore.FlutterFirebaseFirestoreRegistrar"
109-->[:cloud_firestore] AndroidManifest.xml:10:17-134
110                android:value="com.google.firebase.components.ComponentRegistrar" />
110-->[:cloud_firestore] AndroidManifest.xml:11:17-82
111            <meta-data
111-->[:firebase_auth] AndroidManifest.xml:9:13-11:85
112                android:name="com.google.firebase.components:io.flutter.plugins.firebase.auth.FlutterFirebaseAuthRegistrar"
112-->[:firebase_auth] AndroidManifest.xml:10:17-124
113                android:value="com.google.firebase.components.ComponentRegistrar" />
113-->[:firebase_auth] AndroidManifest.xml:11:17-82
114            <meta-data
114-->[:firebase_core] AndroidManifest.xml:9:13-11:85
115                android:name="com.google.firebase.components:io.flutter.plugins.firebase.core.FlutterFirebaseCoreRegistrar"
115-->[:firebase_core] AndroidManifest.xml:10:17-124
116                android:value="com.google.firebase.components.ComponentRegistrar" />
116-->[:firebase_core] AndroidManifest.xml:11:17-82
117            <meta-data
117-->[com.google.firebase:firebase-firestore-ktx:24.7.0] AndroidManifest.xml:14:13-16:85
118                android:name="com.google.firebase.components:com.google.firebase.firestore.ktx.FirebaseFirestoreKtxRegistrar"
118-->[com.google.firebase:firebase-firestore-ktx:24.7.0] AndroidManifest.xml:15:17-126
119                android:value="com.google.firebase.components.ComponentRegistrar" />
119-->[com.google.firebase:firebase-firestore-ktx:24.7.0] AndroidManifest.xml:16:17-82
120            <meta-data
120-->[com.google.firebase:firebase-auth-ktx:22.1.0] AndroidManifest.xml:11:13-13:85
121                android:name="com.google.firebase.components:com.google.firebase.auth.ktx.FirebaseAuthKtxRegistrar"
121-->[com.google.firebase:firebase-auth-ktx:22.1.0] AndroidManifest.xml:12:17-116
122                android:value="com.google.firebase.components.ComponentRegistrar" />
122-->[com.google.firebase:firebase-auth-ktx:22.1.0] AndroidManifest.xml:13:17-82
123            <meta-data
123-->[com.google.firebase:firebase-auth:22.1.0] AndroidManifest.xml:69:13-71:85
124                android:name="com.google.firebase.components:com.google.firebase.auth.FirebaseAuthRegistrar"
124-->[com.google.firebase:firebase-auth:22.1.0] AndroidManifest.xml:70:17-109
125                android:value="com.google.firebase.components.ComponentRegistrar" />
125-->[com.google.firebase:firebase-auth:22.1.0] AndroidManifest.xml:71:17-82
126            <meta-data
126-->[com.google.firebase:firebase-common-ktx:20.3.3] AndroidManifest.xml:14:13-16:85
127                android:name="com.google.firebase.components:com.google.firebase.ktx.FirebaseCommonKtxRegistrar"
127-->[com.google.firebase:firebase-common-ktx:20.3.3] AndroidManifest.xml:15:17-113
128                android:value="com.google.firebase.components.ComponentRegistrar" />
128-->[com.google.firebase:firebase-common-ktx:20.3.3] AndroidManifest.xml:16:17-82
129            <meta-data
129-->[com.google.firebase:firebase-firestore:24.7.0] AndroidManifest.xml:19:13-21:85
130                android:name="com.google.firebase.components:com.google.firebase.firestore.FirestoreRegistrar"
130-->[com.google.firebase:firebase-firestore:24.7.0] AndroidManifest.xml:20:17-111
131                android:value="com.google.firebase.components.ComponentRegistrar" />
131-->[com.google.firebase:firebase-firestore:24.7.0] AndroidManifest.xml:21:17-82
132        </service>
133
134        <receiver
134-->[:flutter_local_notifications] AndroidManifest.xml:14:9-16:40
135            android:name="com.dexterous.flutterlocalnotifications.ActionBroadcastReceiver"
135-->[:flutter_local_notifications] AndroidManifest.xml:15:13-91
136            android:exported="false" />
136-->[:flutter_local_notifications] AndroidManifest.xml:16:13-37
137        <receiver
137-->[:flutter_local_notifications] AndroidManifest.xml:17:9-19:40
138            android:name="com.dexterous.flutterlocalnotifications.ScheduledNotificationReceiver"
138-->[:flutter_local_notifications] AndroidManifest.xml:18:13-97
139            android:exported="false" />
139-->[:flutter_local_notifications] AndroidManifest.xml:19:13-37
140        <receiver
140-->[:flutter_local_notifications] AndroidManifest.xml:20:9-29:20
141            android:name="com.dexterous.flutterlocalnotifications.ScheduledNotificationBootReceiver"
141-->[:flutter_local_notifications] AndroidManifest.xml:21:13-101
142            android:exported="false" >
142-->[:flutter_local_notifications] AndroidManifest.xml:22:13-37
143            <intent-filter>
143-->[:flutter_local_notifications] AndroidManifest.xml:23:13-28:29
144                <action android:name="android.intent.action.BOOT_COMPLETED" />
144-->[:flutter_local_notifications] AndroidManifest.xml:24:17-79
144-->[:flutter_local_notifications] AndroidManifest.xml:24:25-76
145                <action android:name="android.intent.action.MY_PACKAGE_REPLACED" />
145-->[:flutter_local_notifications] AndroidManifest.xml:25:17-84
145-->[:flutter_local_notifications] AndroidManifest.xml:25:25-81
146                <action android:name="android.intent.action.QUICKBOOT_POWERON" />
146-->[:flutter_local_notifications] AndroidManifest.xml:26:17-82
146-->[:flutter_local_notifications] AndroidManifest.xml:26:25-79
147                <action android:name="com.htc.intent.action.QUICKBOOT_POWERON" />
147-->[:flutter_local_notifications] AndroidManifest.xml:27:17-82
147-->[:flutter_local_notifications] AndroidManifest.xml:27:25-79
148            </intent-filter>
149        </receiver>
150
151        <activity
151-->[:url_launcher_android] AndroidManifest.xml:8:9-11:74
152            android:name="io.flutter.plugins.urllauncher.WebViewActivity"
152-->[:url_launcher_android] AndroidManifest.xml:9:13-74
153            android:exported="false"
153-->[:url_launcher_android] AndroidManifest.xml:10:13-37
154            android:theme="@android:style/Theme.NoTitleBar.Fullscreen" />
154-->[:url_launcher_android] AndroidManifest.xml:11:13-71
155        <activity
155-->[:flutter_inappwebview] AndroidManifest.xml:14:9-18:47
156            android:name="com.pichillilorenzo.flutter_inappwebview.in_app_browser.InAppBrowserActivity"
156-->[:flutter_inappwebview] AndroidManifest.xml:15:13-104
157            android:configChanges="orientation|keyboardHidden|keyboard|screenSize|locale|layoutDirection|fontScale|screenLayout|density"
157-->[:flutter_inappwebview] AndroidManifest.xml:16:13-137
158            android:exported="false"
158-->[:flutter_inappwebview] AndroidManifest.xml:17:13-37
159            android:theme="@style/AppTheme" />
159-->[:flutter_inappwebview] AndroidManifest.xml:18:13-44
160        <activity
160-->[:flutter_inappwebview] AndroidManifest.xml:19:9-22:55
161            android:name="com.pichillilorenzo.flutter_inappwebview.chrome_custom_tabs.ChromeCustomTabsActivity"
161-->[:flutter_inappwebview] AndroidManifest.xml:20:13-112
162            android:exported="false"
162-->[:flutter_inappwebview] AndroidManifest.xml:21:13-37
163            android:theme="@style/ThemeTransparent" />
163-->[:flutter_inappwebview] AndroidManifest.xml:22:13-52
164        <activity
164-->[:flutter_inappwebview] AndroidManifest.xml:23:9-26:55
165            android:name="com.pichillilorenzo.flutter_inappwebview.chrome_custom_tabs.TrustedWebActivity"
165-->[:flutter_inappwebview] AndroidManifest.xml:24:13-106
166            android:exported="false"
166-->[:flutter_inappwebview] AndroidManifest.xml:25:13-37
167            android:theme="@style/ThemeTransparent" />
167-->[:flutter_inappwebview] AndroidManifest.xml:26:13-52
168        <activity
168-->[:flutter_inappwebview] AndroidManifest.xml:27:9-31:55
169            android:name="com.pichillilorenzo.flutter_inappwebview.chrome_custom_tabs.ChromeCustomTabsActivitySingleInstance"
169-->[:flutter_inappwebview] AndroidManifest.xml:28:13-126
170            android:exported="false"
170-->[:flutter_inappwebview] AndroidManifest.xml:29:13-37
171            android:launchMode="singleInstance"
171-->[:flutter_inappwebview] AndroidManifest.xml:30:13-48
172            android:theme="@style/ThemeTransparent" />
172-->[:flutter_inappwebview] AndroidManifest.xml:31:13-52
173        <activity
173-->[:flutter_inappwebview] AndroidManifest.xml:32:9-36:55
174            android:name="com.pichillilorenzo.flutter_inappwebview.chrome_custom_tabs.TrustedWebActivitySingleInstance"
174-->[:flutter_inappwebview] AndroidManifest.xml:33:13-120
175            android:exported="false"
175-->[:flutter_inappwebview] AndroidManifest.xml:34:13-37
176            android:launchMode="singleInstance"
176-->[:flutter_inappwebview] AndroidManifest.xml:35:13-48
177            android:theme="@style/ThemeTransparent" />
177-->[:flutter_inappwebview] AndroidManifest.xml:36:13-52
178
179        <receiver
179-->[:flutter_inappwebview] AndroidManifest.xml:38:9-41:40
180            android:name="com.pichillilorenzo.flutter_inappwebview.chrome_custom_tabs.ActionBroadcastReceiver"
180-->[:flutter_inappwebview] AndroidManifest.xml:39:13-111
181            android:enabled="true"
181-->[:flutter_inappwebview] AndroidManifest.xml:40:13-35
182            android:exported="false" />
182-->[:flutter_inappwebview] AndroidManifest.xml:41:13-37
183
184        <meta-data
184-->[:flutter_inappwebview] AndroidManifest.xml:43:9-45:36
185            android:name="io.flutter.embedded_views_preview"
185-->[:flutter_inappwebview] AndroidManifest.xml:44:13-61
186            android:value="true" />
186-->[:flutter_inappwebview] AndroidManifest.xml:45:13-33
187        <!--
188           Declares a provider which allows us to store files to share in
189           '.../caches/share_plus' and grant the receiving action access
190        -->
191        <provider
191-->[:share_plus] AndroidManifest.xml:13:9-21:20
192            android:name="dev.fluttercommunity.plus.share.ShareFileProvider"
192-->[:share_plus] AndroidManifest.xml:14:13-77
193            android:authorities="com.womenloseweight.watertracker.flutter.flutter.share_provider"
193-->[:share_plus] AndroidManifest.xml:15:13-74
194            android:exported="false"
194-->[:share_plus] AndroidManifest.xml:16:13-37
195            android:grantUriPermissions="true" >
195-->[:share_plus] AndroidManifest.xml:17:13-47
196            <meta-data
196-->[:share_plus] AndroidManifest.xml:18:13-20:68
197                android:name="android.support.FILE_PROVIDER_PATHS"
197-->[:share_plus] AndroidManifest.xml:19:17-67
198                android:resource="@xml/flutter_share_file_paths" />
198-->[:share_plus] AndroidManifest.xml:20:17-65
199        </provider>
200        <!--
201           This manifest declared broadcast receiver allows us to use an explicit
202           Intent when creating a PendingItent to be informed of the user's choice
203        -->
204        <receiver
204-->[:share_plus] AndroidManifest.xml:26:9-32:20
205            android:name="dev.fluttercommunity.plus.share.SharePlusPendingIntent"
205-->[:share_plus] AndroidManifest.xml:27:13-82
206            android:exported="false" >
206-->[:share_plus] AndroidManifest.xml:28:13-37
207            <intent-filter>
207-->[:share_plus] AndroidManifest.xml:29:13-31:29
208                <action android:name="EXTRA_CHOSEN_COMPONENT" />
208-->[:share_plus] AndroidManifest.xml:30:17-65
208-->[:share_plus] AndroidManifest.xml:30:25-62
209            </intent-filter>
210        </receiver>
211
212        <activity
212-->[com.google.firebase:firebase-auth:22.1.0] AndroidManifest.xml:29:9-46:20
213            android:name="com.google.firebase.auth.internal.GenericIdpActivity"
213-->[com.google.firebase:firebase-auth:22.1.0] AndroidManifest.xml:30:13-80
214            android:excludeFromRecents="true"
214-->[com.google.firebase:firebase-auth:22.1.0] AndroidManifest.xml:31:13-46
215            android:exported="true"
215-->[com.google.firebase:firebase-auth:22.1.0] AndroidManifest.xml:32:13-36
216            android:launchMode="singleTask"
216-->[com.google.firebase:firebase-auth:22.1.0] AndroidManifest.xml:33:13-44
217            android:theme="@android:style/Theme.Translucent.NoTitleBar" >
217-->[com.google.firebase:firebase-auth:22.1.0] AndroidManifest.xml:34:13-72
218            <intent-filter>
218-->[com.google.firebase:firebase-auth:22.1.0] AndroidManifest.xml:35:13-45:29
219                <action android:name="android.intent.action.VIEW" />
219-->[com.google.firebase:firebase-auth:22.1.0] AndroidManifest.xml:36:17-69
219-->[com.google.firebase:firebase-auth:22.1.0] AndroidManifest.xml:36:25-66
220
221                <category android:name="android.intent.category.DEFAULT" />
221-->[com.google.firebase:firebase-auth:22.1.0] AndroidManifest.xml:38:17-76
221-->[com.google.firebase:firebase-auth:22.1.0] AndroidManifest.xml:38:27-73
222                <category android:name="android.intent.category.BROWSABLE" />
222-->[com.google.firebase:firebase-auth:22.1.0] AndroidManifest.xml:39:17-78
222-->[com.google.firebase:firebase-auth:22.1.0] AndroidManifest.xml:39:27-75
223
224                <data
224-->[com.google.firebase:firebase-auth:22.1.0] AndroidManifest.xml:41:17-44:51
225                    android:host="firebase.auth"
225-->[com.google.firebase:firebase-auth:22.1.0] AndroidManifest.xml:42:21-49
226                    android:path="/"
226-->[com.google.firebase:firebase-auth:22.1.0] AndroidManifest.xml:43:21-37
227                    android:scheme="genericidp" />
227-->[com.google.firebase:firebase-auth:22.1.0] AndroidManifest.xml:44:21-48
228            </intent-filter>
229        </activity>
230        <activity
230-->[com.google.firebase:firebase-auth:22.1.0] AndroidManifest.xml:47:9-64:20
231            android:name="com.google.firebase.auth.internal.RecaptchaActivity"
231-->[com.google.firebase:firebase-auth:22.1.0] AndroidManifest.xml:48:13-79
232            android:excludeFromRecents="true"
232-->[com.google.firebase:firebase-auth:22.1.0] AndroidManifest.xml:49:13-46
233            android:exported="true"
233-->[com.google.firebase:firebase-auth:22.1.0] AndroidManifest.xml:50:13-36
234            android:launchMode="singleTask"
234-->[com.google.firebase:firebase-auth:22.1.0] AndroidManifest.xml:51:13-44
235            android:theme="@android:style/Theme.Translucent.NoTitleBar" >
235-->[com.google.firebase:firebase-auth:22.1.0] AndroidManifest.xml:52:13-72
236            <intent-filter>
236-->[com.google.firebase:firebase-auth:22.1.0] AndroidManifest.xml:53:13-63:29
237                <action android:name="android.intent.action.VIEW" />
237-->[com.google.firebase:firebase-auth:22.1.0] AndroidManifest.xml:36:17-69
237-->[com.google.firebase:firebase-auth:22.1.0] AndroidManifest.xml:36:25-66
238
239                <category android:name="android.intent.category.DEFAULT" />
239-->[com.google.firebase:firebase-auth:22.1.0] AndroidManifest.xml:38:17-76
239-->[com.google.firebase:firebase-auth:22.1.0] AndroidManifest.xml:38:27-73
240                <category android:name="android.intent.category.BROWSABLE" />
240-->[com.google.firebase:firebase-auth:22.1.0] AndroidManifest.xml:39:17-78
240-->[com.google.firebase:firebase-auth:22.1.0] AndroidManifest.xml:39:27-75
241
242                <data
242-->[com.google.firebase:firebase-auth:22.1.0] AndroidManifest.xml:41:17-44:51
243                    android:host="firebase.auth"
243-->[com.google.firebase:firebase-auth:22.1.0] AndroidManifest.xml:42:21-49
244                    android:path="/"
244-->[com.google.firebase:firebase-auth:22.1.0] AndroidManifest.xml:43:21-37
245                    android:scheme="recaptcha" />
245-->[com.google.firebase:firebase-auth:22.1.0] AndroidManifest.xml:44:21-48
246            </intent-filter>
247        </activity>
248
249        <uses-library
249-->[androidx.window:window:1.0.0-beta04] AndroidManifest.xml:25:9-27:40
250            android:name="androidx.window.extensions"
250-->[androidx.window:window:1.0.0-beta04] AndroidManifest.xml:26:13-54
251            android:required="false" />
251-->[androidx.window:window:1.0.0-beta04] AndroidManifest.xml:27:13-37
252        <uses-library
252-->[androidx.window:window:1.0.0-beta04] AndroidManifest.xml:28:9-30:40
253            android:name="androidx.window.sidecar"
253-->[androidx.window:window:1.0.0-beta04] AndroidManifest.xml:29:13-51
254            android:required="false" />
254-->[androidx.window:window:1.0.0-beta04] AndroidManifest.xml:30:13-37
255
256        <activity
256-->[com.google.android.gms:play-services-auth:20.6.0] AndroidManifest.xml:23:9-27:75
257            android:name="com.google.android.gms.auth.api.signin.internal.SignInHubActivity"
257-->[com.google.android.gms:play-services-auth:20.6.0] AndroidManifest.xml:24:13-93
258            android:excludeFromRecents="true"
258-->[com.google.android.gms:play-services-auth:20.6.0] AndroidManifest.xml:25:13-46
259            android:exported="false"
259-->[com.google.android.gms:play-services-auth:20.6.0] AndroidManifest.xml:26:13-37
260            android:theme="@android:style/Theme.Translucent.NoTitleBar" />
260-->[com.google.android.gms:play-services-auth:20.6.0] AndroidManifest.xml:27:13-72
261        <!--
262            Service handling Google Sign-In user revocation. For apps that do not integrate with
263            Google Sign-In, this service will never be started.
264        -->
265        <service
265-->[com.google.android.gms:play-services-auth:20.6.0] AndroidManifest.xml:33:9-37:51
266            android:name="com.google.android.gms.auth.api.signin.RevocationBoundService"
266-->[com.google.android.gms:play-services-auth:20.6.0] AndroidManifest.xml:34:13-89
267            android:exported="true"
267-->[com.google.android.gms:play-services-auth:20.6.0] AndroidManifest.xml:35:13-36
268            android:permission="com.google.android.gms.auth.api.signin.permission.REVOCATION_NOTIFICATION"
268-->[com.google.android.gms:play-services-auth:20.6.0] AndroidManifest.xml:36:13-107
269            android:visibleToInstantApps="true" />
269-->[com.google.android.gms:play-services-auth:20.6.0] AndroidManifest.xml:37:13-48
270
271        <provider
271-->[com.google.firebase:firebase-common:20.3.3] AndroidManifest.xml:25:9-30:39
272            android:name="com.google.firebase.provider.FirebaseInitProvider"
272-->[com.google.firebase:firebase-common:20.3.3] AndroidManifest.xml:26:13-77
273            android:authorities="com.womenloseweight.watertracker.flutter.firebaseinitprovider"
273-->[com.google.firebase:firebase-common:20.3.3] AndroidManifest.xml:27:13-72
274            android:directBootAware="true"
274-->[com.google.firebase:firebase-common:20.3.3] AndroidManifest.xml:28:13-43
275            android:exported="false"
275-->[com.google.firebase:firebase-common:20.3.3] AndroidManifest.xml:29:13-37
276            android:initOrder="100" />
276-->[com.google.firebase:firebase-common:20.3.3] AndroidManifest.xml:30:13-36
277
278        <activity
278-->[com.google.android.gms:play-services-base:18.0.1] AndroidManifest.xml:20:9-22:45
279            android:name="com.google.android.gms.common.api.GoogleApiActivity"
279-->[com.google.android.gms:play-services-base:18.0.1] AndroidManifest.xml:20:19-85
280            android:exported="false"
280-->[com.google.android.gms:play-services-base:18.0.1] AndroidManifest.xml:22:19-43
281            android:theme="@android:style/Theme.Translucent.NoTitleBar" /> <!-- Include the AdActivity and InAppPurchaseActivity configChanges and themes. -->
281-->[com.google.android.gms:play-services-base:18.0.1] AndroidManifest.xml:21:19-78
282        <activity
282-->[com.google.android.gms:play-services-ads-lite:21.3.0] AndroidManifest.xml:49:9-53:64
283            android:name="com.google.android.gms.ads.AdActivity"
283-->[com.google.android.gms:play-services-ads-lite:21.3.0] AndroidManifest.xml:50:13-65
284            android:configChanges="keyboard|keyboardHidden|orientation|screenLayout|uiMode|screenSize|smallestScreenSize"
284-->[com.google.android.gms:play-services-ads-lite:21.3.0] AndroidManifest.xml:51:13-122
285            android:exported="false"
285-->[com.google.android.gms:play-services-ads-lite:21.3.0] AndroidManifest.xml:52:13-37
286            android:theme="@android:style/Theme.Translucent" />
286-->[com.google.android.gms:play-services-ads-lite:21.3.0] AndroidManifest.xml:53:13-61
287
288        <provider
288-->[com.google.android.gms:play-services-ads-lite:21.3.0] AndroidManifest.xml:55:9-59:39
289            android:name="com.google.android.gms.ads.MobileAdsInitProvider"
289-->[com.google.android.gms:play-services-ads-lite:21.3.0] AndroidManifest.xml:56:13-76
290            android:authorities="com.womenloseweight.watertracker.flutter.mobileadsinitprovider"
290-->[com.google.android.gms:play-services-ads-lite:21.3.0] AndroidManifest.xml:57:13-73
291            android:exported="false"
291-->[com.google.android.gms:play-services-ads-lite:21.3.0] AndroidManifest.xml:58:13-37
292            android:initOrder="100" />
292-->[com.google.android.gms:play-services-ads-lite:21.3.0] AndroidManifest.xml:59:13-36
293
294        <service
294-->[com.google.android.gms:play-services-ads-lite:21.3.0] AndroidManifest.xml:61:9-64:40
295            android:name="com.google.android.gms.ads.AdService"
295-->[com.google.android.gms:play-services-ads-lite:21.3.0] AndroidManifest.xml:62:13-64
296            android:enabled="true"
296-->[com.google.android.gms:play-services-ads-lite:21.3.0] AndroidManifest.xml:63:13-35